{"C:\\Users\\ajang\\Desktop\\deep-fitness-microservices\\deepfitness-ui\\src\\components\\Home.tsx": {"path":"C:\\Users\\ajang\\Desktop\\deep-fitness-microservices\\deepfitness-ui\\src\\components\\Home.tsx","statementMap":{"0":{"start":{"line":2,"column":0},"end":{"line":2,"column":67}},"1":{"start":{"line":3,"column":0},"end":{"line":3,"column":34}},"2":{"start":{"line":10,"column":13},"end":{"line":17,"column":1}},"3":{"start":{"line":11,"column":2},"end":{"line":16,"column":null}},"4":{"start":{"line":19,"column":0},"end":{"line":19,"column":20}}},"fnMap":{"0":{"name":"(anonymous_1)","decl":{"start":{"line":10,"column":13},"end":{"line":10,"column":14}},"loc":{"start":{"line":10,"column":29},"end":{"line":17,"column":1}}}},"branchMap":{"0":{"loc":{"start":{"line":13,"column":7},"end":{"line":13,"column":47}},"type":"binary-expr","locations":[{"start":{"line":13,"column":7},"end":{"line":13,"column":24}},{"start":{"line":13,"column":28},"end":{"line":13,"column":47}}]},"1":{"loc":{"start":{"line":14,"column":7},"end":{"line":14,"column":61}},"type":"binary-expr","locations":[{"start":{"line":14,"column":7},"end":{"line":14,"column":25}},{"start":{"line":14,"column":29},"end":{"line":14,"column":61}}]}},"s":{"0":1,"1":1,"2":1,"3":1,"4":1},"f":{"0":1},"b":{"0":[1,1],"1":[1,0]}}
,"C:\\Users\\ajang\\Desktop\\deep-fitness-microservices\\deepfitness-ui\\src\\components\\MainPage.tsx": {"path":"C:\\Users\\ajang\\Desktop\\deep-fitness-microservices\\deepfitness-ui\\src\\components\\MainPage.tsx","statementMap":{"0":{"start":{"line":1,"column":0},"end":{"line":1,"column":95}},"1":{"start":{"line":2,"column":0},"end":{"line":2,"column":66}},"2":{"start":{"line":3,"column":14},"end":{"line":23,"column":2}},"3":{"start":{"line":25,"column":17},"end":{"line":64,"column":1}},"4":{"start":{"line":26,"column":28},"end":{"line":28,"column":3}},"5":{"start":{"line":27,"column":4},"end":{"line":27,"column":12}},"6":{"start":{"line":30,"column":2},"end":{"line":63,"column":4}},"7":{"start":{"line":66,"column":0},"end":{"line":66,"column":24}}},"fnMap":{"0":{"name":"(anonymous_1)","decl":{"start":{"line":25,"column":17},"end":{"line":25,"column":18}},"loc":{"start":{"line":25,"column":33},"end":{"line":64,"column":1}}},"1":{"name":"(anonymous_2)","decl":{"start":{"line":26,"column":28},"end":{"line":26,"column":31}},"loc":{"start":{"line":26,"column":33},"end":{"line":28,"column":3}}}},"branchMap":{},"s":{"0":2,"1":2,"2":2,"3":2,"4":1,"5":0,"6":1,"7":2},"f":{"0":1,"1":0},"b":{}}
,"C:\\Users\\ajang\\Desktop\\deep-fitness-microservices\\deepfitness-ui\\src\\components\\activity-service\\UserActivity.tsx": {"path":"C:\\Users\\ajang\\Desktop\\deep-fitness-microservices\\deepfitness-ui\\src\\components\\activity-service\\UserActivity.tsx","statementMap":{"0":{"start":{"line":1,"column":0},"end":{"line":1,"column":25}},"1":{"start":{"line":3,"column":0},"end":{"line":3,"column":95}},"2":{"start":{"line":4,"column":0},"end":{"line":4,"column":43}},"3":{"start":{"line":5,"column":0},"end":{"line":5,"column":42}},"4":{"start":{"line":6,"column":0},"end":{"line":6,"column":64}},"5":{"start":{"line":14,"column":50},"end":{"line":102,"column":1}},"6":{"start":{"line":15,"column":19},"end":{"line":15,"column":32}},"7":{"start":{"line":16,"column":19},"end":{"line":16,"column":32}},"8":{"start":{"line":17,"column":26},"end":{"line":17,"column":47}},"9":{"start":{"line":18,"column":21},"end":{"line":18,"column":40}},"10":{"start":{"line":18,"column":27},"end":{"line":18,"column":40}},"11":{"start":{"line":19,"column":22},"end":{"line":19,"column":42}},"12":{"start":{"line":19,"column":28},"end":{"line":19,"column":42}},"13":{"start":{"line":22,"column":37},"end":{"line":26,"column":3}},"14":{"start":{"line":23,"column":4},"end":{"line":23,"column":51}},"15":{"start":{"line":24,"column":4},"end":{"line":24,"column":40}},"16":{"start":{"line":25,"column":4},"end":{"line":25,"column":null}},"17":{"start":{"line":28,"column":31},"end":{"line":31,"column":3}},"18":{"start":{"line":29,"column":4},"end":{"line":29,"column":18}},"19":{"start":{"line":30,"column":4},"end":{"line":30,"column":42}},"20":{"start":{"line":35,"column":4},"end":{"line":92,"column":null}},"21":{"start":{"line":63,"column":29},"end":{"line":63,"column":70}},"22":{"start":{"line":86,"column":81},"end":{"line":86,"column":128}},"23":{"start":{"line":97,"column":2},"end":{"line":101,"column":null}},"24":{"start":{"line":104,"column":0},"end":{"line":104,"column":28}}},"fnMap":{"0":{"name":"(anonymous_1)","decl":{"start":{"line":14,"column":50},"end":{"line":14,"column":51}},"loc":{"start":{"line":14,"column":94},"end":{"line":102,"column":1}}},"1":{"name":"(anonymous_2)","decl":{"start":{"line":18,"column":21},"end":{"line":18,"column":24}},"loc":{"start":{"line":18,"column":27},"end":{"line":18,"column":40}}},"2":{"name":"(anonymous_3)","decl":{"start":{"line":19,"column":22},"end":{"line":19,"column":25}},"loc":{"start":{"line":19,"column":28},"end":{"line":19,"column":42}}},"3":{"name":"(anonymous_4)","decl":{"start":{"line":22,"column":37},"end":{"line":22,"column":38}},"loc":{"start":{"line":22,"column":60},"end":{"line":26,"column":3}}},"4":{"name":"(anonymous_5)","decl":{"start":{"line":28,"column":31},"end":{"line":28,"column":32}},"loc":{"start":{"line":28,"column":52},"end":{"line":31,"column":3}}},"5":{"name":"(anonymous_6)","decl":{"start":{"line":63,"column":23},"end":{"line":63,"column":26}},"loc":{"start":{"line":63,"column":29},"end":{"line":63,"column":70}}},"6":{"name":"(anonymous_7)","decl":{"start":{"line":86,"column":75},"end":{"line":86,"column":78}},"loc":{"start":{"line":86,"column":81},"end":{"line":86,"column":128}}}},"branchMap":{"0":{"loc":{"start":{"line":70,"column":26},"end":{"line":70,"column":70}},"type":"binary-expr","locations":[{"start":{"line":70,"column":26},"end":{"line":70,"column":51}},{"start":{"line":70,"column":55},"end":{"line":70,"column":70}}]},"1":{"loc":{"start":{"line":73,"column":19},"end":{"line":73,"column":53}},"type":"binary-expr","locations":[{"start":{"line":73,"column":19},"end":{"line":73,"column":34}},{"start":{"line":73,"column":38},"end":{"line":73,"column":53}}]},"2":{"loc":{"start":{"line":76,"column":32},"end":{"line":76,"column":88}},"type":"binary-expr","locations":[{"start":{"line":76,"column":32},"end":{"line":76,"column":69}},{"start":{"line":76,"column":73},"end":{"line":76,"column":88}}]},"3":{"loc":{"start":{"line":79,"column":30},"end":{"line":79,"column":85}},"type":"binary-expr","locations":[{"start":{"line":79,"column":30},"end":{"line":79,"column":66}},{"start":{"line":79,"column":70},"end":{"line":79,"column":85}}]},"4":{"loc":{"start":{"line":82,"column":28},"end":{"line":82,"column":70}},"type":"binary-expr","locations":[{"start":{"line":82,"column":28},"end":{"line":82,"column":51}},{"start":{"line":82,"column":55},"end":{"line":82,"column":70}}]}},"s":{"0":1,"1":1,"2":1,"3":1,"4":1,"5":1,"6":0,"7":0,"8":0,"9":0,"10":0,"11":0,"12":0,"13":0,"14":0,"15":0,"16":0,"17":0,"18":0,"19":0,"20":0,"21":0,"22":0,"23":0,"24":1},"f":{"0":0,"1":0,"2":0,"3":0,"4":0,"5":0,"6":0},"b":{"0":[0,0],"1":[0,0],"2":[0,0],"3":[0,0],"4":[0,0]}}
,"C:\\Users\\ajang\\Desktop\\deep-fitness-microservices\\deepfitness-ui\\src\\components\\activity-service\\UserActivityForm.tsx": {"path":"C:\\Users\\ajang\\Desktop\\deep-fitness-microservices\\deepfitness-ui\\src\\components\\activity-service\\UserActivityForm.tsx","statementMap":{"0":{"start":{"line":1,"column":0},"end":{"line":1,"column":76}},"1":{"start":{"line":2,"column":0},"end":{"line":2,"column":50}},"2":{"start":{"line":3,"column":0},"end":{"line":3,"column":44}},"3":{"start":{"line":4,"column":0},"end":{"line":4,"column":108}},"4":{"start":{"line":5,"column":0},"end":{"line":5,"column":77}},"5":{"start":{"line":19,"column":46},"end":{"line":19,"column":201}},"6":{"start":{"line":21,"column":25},"end":{"line":199,"column":1}},"7":{"start":{"line":22,"column":42},"end":{"line":22,"column":71}},"8":{"start":{"line":23,"column":46},"end":{"line":23,"column":60}},"9":{"start":{"line":24,"column":42},"end":{"line":24,"column":91}},"10":{"start":{"line":26,"column":38},"end":{"line":26,"column":70}},"11":{"start":{"line":29,"column":2},"end":{"line":31,"column":null}},"12":{"start":{"line":30,"column":4},"end":{"line":30,"column":null}},"13":{"start":{"line":33,"column":26},"end":{"line":43,"column":null}},"14":{"start":{"line":33,"column":37},"end":{"line":43,"column":null}},"15":{"start":{"line":34,"column":19},"end":{"line":34,"column":55}},"16":{"start":{"line":35,"column":4},"end":{"line":35,"column":24}},"17":{"start":{"line":35,"column":17},"end":{"line":35,"column":24}},"18":{"start":{"line":36,"column":4},"end":{"line":41,"column":5}},"19":{"start":{"line":37,"column":33},"end":{"line":37,"column":64}},"20":{"start":{"line":38,"column":6},"end":{"line":38,"column":41}},"21":{"start":{"line":40,"column":6},"end":{"line":40,"column":63}},"22":{"start":{"line":44,"column":30},"end":{"line":50,"column":3}},"23":{"start":{"line":45,"column":4},"end":{"line":49,"column":5}},"24":{"start":{"line":46,"column":6},"end":{"line":46,"column":19}},"25":{"start":{"line":48,"column":6},"end":{"line":48,"column":16}},"26":{"start":{"line":51,"column":35},"end":{"line":66,"column":3}},"27":{"start":{"line":53,"column":4},"end":{"line":65,"column":5}},"28":{"start":{"line":54,"column":6},"end":{"line":54,"column":41}},"29":{"start":{"line":55,"column":6},"end":{"line":55,"column":null}},"30":{"start":{"line":55,"column":34},"end":{"line":55,"column":67}},"31":{"start":{"line":56,"column":11},"end":{"line":65,"column":5}},"32":{"start":{"line":57,"column":31},"end":{"line":57,"column":59}},"33":{"start":{"line":58,"column":22},"end":{"line":58,"column":32}},"34":{"start":{"line":59,"column":6},"end":{"line":59,"column":30}},"35":{"start":{"line":60,"column":6},"end":{"line":60,"column":34}},"36":{"start":{"line":61,"column":6},"end":{"line":61,"column":28}},"37":{"start":{"line":62,"column":6},"end":{"line":62,"column":60}},"38":{"start":{"line":64,"column":6},"end":{"line":64,"column":null}},"39":{"start":{"line":64,"column":34},"end":{"line":64,"column":67}},"40":{"start":{"line":70,"column":4},"end":{"line":76,"column":5}},"41":{"start":{"line":71,"column":6},"end":{"line":75,"column":7}},"42":{"start":{"line":72,"column":8},"end":{"line":72,"column":40}},"43":{"start":{"line":74,"column":8},"end":{"line":74,"column":18}},"44":{"start":{"line":78,"column":4},"end":{"line":78,"column":41}},"45":{"start":{"line":78,"column":31},"end":{"line":78,"column":41}},"46":{"start":{"line":80,"column":18},"end":{"line":80,"column":61}},"47":{"start":{"line":81,"column":20},"end":{"line":81,"column":65}},"48":{"start":{"line":82,"column":4},"end":{"line":82,"column":33}},"49":{"start":{"line":85,"column":23},"end":{"line":112,"column":null}},"50":{"start":{"line":85,"column":33},"end":{"line":112,"column":null}},"51":{"start":{"line":86,"column":25},"end":{"line":86,"column":106}},"52":{"start":{"line":88,"column":4},"end":{"line":92,"column":5}},"53":{"start":{"line":89,"column":6},"end":{"line":89,"column":31}},"54":{"start":{"line":90,"column":6},"end":{"line":90,"column":52}},"55":{"start":{"line":91,"column":6},"end":{"line":91,"column":13}},"56":{"start":{"line":93,"column":4},"end":{"line":93,"column":28}},"57":{"start":{"line":94,"column":19},"end":{"line":94,"column":44}},"58":{"start":{"line":95,"column":6},"end":{"line":110,"column":5}},"59":{"start":{"line":96,"column":25},"end":{"line":104,"column":null}},"60":{"start":{"line":106,"column":9},"end":{"line":106,"column":55}},"61":{"start":{"line":107,"column":8},"end":{"line":107,"column":55}},"62":{"start":{"line":108,"column":8},"end":{"line":108,"column":45}},"63":{"start":{"line":109,"column":8},"end":{"line":109,"column":60}},"64":{"start":{"line":114,"column":38},"end":{"line":119,"column":null}},"65":{"start":{"line":114,"column":66},"end":{"line":119,"column":null}},"66":{"start":{"line":115,"column":22},"end":{"line":115,"column":56}},"67":{"start":{"line":116,"column":4},"end":{"line":118,"column":5}},"68":{"start":{"line":117,"column":6},"end":{"line":117,"column":null}},"69":{"start":{"line":121,"column":28},"end":{"line":124,"column":null}},"70":{"start":{"line":121,"column":38},"end":{"line":124,"column":null}},"71":{"start":{"line":122,"column":21},"end":{"line":122,"column":39}},"72":{"start":{"line":123,"column":4},"end":{"line":123,"column":25}},"73":{"start":{"line":126,"column":22},"end":{"line":132,"column":3}},"74":{"start":{"line":127,"column":4},"end":{"line":131,"column":5}},"75":{"start":{"line":128,"column":6},"end":{"line":128,"column":null}},"76":{"start":{"line":130,"column":6},"end":{"line":130,"column":63}},"77":{"start":{"line":134,"column":36},"end":{"line":143,"column":null}},"78":{"start":{"line":134,"column":65},"end":{"line":143,"column":null}},"79":{"start":{"line":135,"column":4},"end":{"line":135,"column":42}},"80":{"start":{"line":136,"column":14},"end":{"line":136,"column":53}},"81":{"start":{"line":137,"column":4},"end":{"line":142,"column":5}},"82":{"start":{"line":138,"column":18},"end":{"line":138,"column":101}},"83":{"start":{"line":138,"column":68},"end":{"line":138,"column":101}},"84":{"start":{"line":139,"column":6},"end":{"line":139,"column":25}},"85":{"start":{"line":140,"column":6},"end":{"line":140,"column":52}},"86":{"start":{"line":141,"column":6},"end":{"line":141,"column":60}},"87":{"start":{"line":145,"column":32},"end":{"line":147,"column":null}},"88":{"start":{"line":145,"column":61},"end":{"line":147,"column":null}},"89":{"start":{"line":146,"column":4},"end":{"line":146,"column":48}},"90":{"start":{"line":149,"column":2},"end":{"line":198,"column":null}},"91":{"start":{"line":152,"column":86},"end":{"line":152,"column":107}},"92":{"start":{"line":155,"column":130},"end":{"line":155,"column":153}},"93":{"start":{"line":162,"column":30},"end":{"line":162,"column":55}},"94":{"start":{"line":165,"column":32},"end":{"line":165,"column":78}},"95":{"start":{"line":166,"column":37},"end":{"line":166,"column":84}},"96":{"start":{"line":169,"column":118},"end":{"line":169,"column":179}},"97":{"start":{"line":172,"column":207},"end":{"line":172,"column":270}},"98":{"start":{"line":178,"column":30},"end":{"line":178,"column":49}},"99":{"start":{"line":180,"column":32},"end":{"line":180,"column":72}},"100":{"start":{"line":181,"column":37},"end":{"line":181,"column":77}},"101":{"start":{"line":185,"column":57},"end":{"line":185,"column":121}},"102":{"start":{"line":188,"column":103},"end":{"line":188,"column":158}},"103":{"start":{"line":189,"column":107},"end":{"line":189,"column":166}},"104":{"start":{"line":190,"column":107},"end":{"line":190,"column":166}},"105":{"start":{"line":201,"column":0},"end":{"line":201,"column":null}}},"fnMap":{"0":{"name":"(anonymous_8)","decl":{"start":{"line":21,"column":25},"end":{"line":21,"column":28}},"loc":{"start":{"line":21,"column":30},"end":{"line":199,"column":1}}},"1":{"name":"(anonymous_9)","decl":{"start":{"line":29,"column":12},"end":{"line":29,"column":15}},"loc":{"start":{"line":29,"column":17},"end":{"line":31,"column":3}}},"2":{"name":"(anonymous_10)","decl":{"start":{"line":33,"column":26},"end":{"line":33,"column":35}},"loc":{"start":{"line":33,"column":37},"end":{"line":43,"column":null}}},"3":{"name":"(anonymous_11)","decl":{"start":{"line":33,"column":37},"end":{"line":33,"column":null}},"loc":{"start":{"line":33,"column":37},"end":{"line":43,"column":3}}},"4":{"name":"(anonymous_12)","decl":{"start":{"line":44,"column":30},"end":{"line":44,"column":31}},"loc":{"start":{"line":44,"column":45},"end":{"line":50,"column":3}}},"5":{"name":"(anonymous_13)","decl":{"start":{"line":51,"column":35},"end":{"line":51,"column":36}},"loc":{"start":{"line":52,"column":39},"end":{"line":66,"column":3}}},"6":{"name":"(anonymous_14)","decl":{"start":{"line":55,"column":22},"end":{"line":55,"column":23}},"loc":{"start":{"line":55,"column":31},"end":{"line":55,"column":69}}},"7":{"name":"(anonymous_15)","decl":{"start":{"line":64,"column":22},"end":{"line":64,"column":23}},"loc":{"start":{"line":64,"column":31},"end":{"line":64,"column":69}}},"8":{"name":"formatTime","decl":{"start":{"line":69,"column":11},"end":{"line":69,"column":21}},"loc":{"start":{"line":69,"column":60},"end":{"line":83,"column":3}}},"9":{"name":"(anonymous_17)","decl":{"start":{"line":85,"column":23},"end":{"line":85,"column":31}},"loc":{"start":{"line":85,"column":33},"end":{"line":112,"column":null}}},"10":{"name":"(anonymous_18)","decl":{"start":{"line":85,"column":33},"end":{"line":85,"column":null}},"loc":{"start":{"line":85,"column":33},"end":{"line":112,"column":3}}},"11":{"name":"(anonymous_19)","decl":{"start":{"line":114,"column":38},"end":{"line":114,"column":45}},"loc":{"start":{"line":114,"column":66},"end":{"line":119,"column":null}}},"12":{"name":"(anonymous_20)","decl":{"start":{"line":114,"column":66},"end":{"line":114,"column":null}},"loc":{"start":{"line":114,"column":66},"end":{"line":119,"column":3}}},"13":{"name":"(anonymous_21)","decl":{"start":{"line":121,"column":28},"end":{"line":121,"column":36}},"loc":{"start":{"line":121,"column":38},"end":{"line":124,"column":null}}},"14":{"name":"(anonymous_22)","decl":{"start":{"line":121,"column":38},"end":{"line":121,"column":null}},"loc":{"start":{"line":121,"column":38},"end":{"line":124,"column":3}}},"15":{"name":"(anonymous_23)","decl":{"start":{"line":126,"column":22},"end":{"line":126,"column":23}},"loc":{"start":{"line":126,"column":38},"end":{"line":132,"column":3}}},"16":{"name":"(anonymous_24)","decl":{"start":{"line":134,"column":36},"end":{"line":134,"column":43}},"loc":{"start":{"line":134,"column":65},"end":{"line":143,"column":null}}},"17":{"name":"(anonymous_25)","decl":{"start":{"line":134,"column":65},"end":{"line":134,"column":null}},"loc":{"start":{"line":134,"column":65},"end":{"line":143,"column":3}}},"18":{"name":"(anonymous_26)","decl":{"start":{"line":138,"column":37},"end":{"line":138,"column":38}},"loc":{"start":{"line":138,"column":68},"end":{"line":138,"column":101}}},"19":{"name":"(anonymous_27)","decl":{"start":{"line":145,"column":32},"end":{"line":145,"column":39}},"loc":{"start":{"line":145,"column":61},"end":{"line":147,"column":null}}},"20":{"name":"(anonymous_28)","decl":{"start":{"line":145,"column":61},"end":{"line":145,"column":null}},"loc":{"start":{"line":145,"column":61},"end":{"line":147,"column":3}}},"21":{"name":"(anonymous_29)","decl":{"start":{"line":152,"column":78},"end":{"line":152,"column":81}},"loc":{"start":{"line":152,"column":83},"end":{"line":152,"column":108}}},"22":{"name":"(anonymous_30)","decl":{"start":{"line":155,"column":122},"end":{"line":155,"column":125}},"loc":{"start":{"line":155,"column":127},"end":{"line":155,"column":154}}},"23":{"name":"(anonymous_31)","decl":{"start":{"line":162,"column":25},"end":{"line":162,"column":27}},"loc":{"start":{"line":162,"column":30},"end":{"line":162,"column":55}}},"24":{"name":"(anonymous_32)","decl":{"start":{"line":165,"column":22},"end":{"line":165,"column":23}},"loc":{"start":{"line":165,"column":32},"end":{"line":165,"column":78}}},"25":{"name":"(anonymous_33)","decl":{"start":{"line":166,"column":25},"end":{"line":166,"column":26}},"loc":{"start":{"line":166,"column":37},"end":{"line":166,"column":84}}},"26":{"name":"(anonymous_34)","decl":{"start":{"line":169,"column":111},"end":{"line":169,"column":112}},"loc":{"start":{"line":169,"column":118},"end":{"line":169,"column":179}}},"27":{"name":"(anonymous_35)","decl":{"start":{"line":172,"column":200},"end":{"line":172,"column":201}},"loc":{"start":{"line":172,"column":207},"end":{"line":172,"column":270}}},"28":{"name":"(anonymous_36)","decl":{"start":{"line":178,"column":25},"end":{"line":178,"column":27}},"loc":{"start":{"line":178,"column":30},"end":{"line":178,"column":49}}},"29":{"name":"(anonymous_37)","decl":{"start":{"line":180,"column":22},"end":{"line":180,"column":23}},"loc":{"start":{"line":180,"column":32},"end":{"line":180,"column":72}}},"30":{"name":"(anonymous_38)","decl":{"start":{"line":181,"column":25},"end":{"line":181,"column":26}},"loc":{"start":{"line":181,"column":37},"end":{"line":181,"column":77}}},"31":{"name":"(anonymous_39)","decl":{"start":{"line":185,"column":50},"end":{"line":185,"column":51}},"loc":{"start":{"line":185,"column":57},"end":{"line":185,"column":121}}},"32":{"name":"(anonymous_40)","decl":{"start":{"line":188,"column":96},"end":{"line":188,"column":97}},"loc":{"start":{"line":188,"column":103},"end":{"line":188,"column":158}}},"33":{"name":"(anonymous_41)","decl":{"start":{"line":189,"column":100},"end":{"line":189,"column":101}},"loc":{"start":{"line":189,"column":107},"end":{"line":189,"column":166}}},"34":{"name":"(anonymous_42)","decl":{"start":{"line":190,"column":100},"end":{"line":190,"column":101}},"loc":{"start":{"line":190,"column":107},"end":{"line":190,"column":166}}}},"branchMap":{"0":{"loc":{"start":{"line":34,"column":19},"end":{"line":34,"column":55}},"type":"binary-expr","locations":[{"start":{"line":34,"column":19},"end":{"line":34,"column":49}},{"start":{"line":34,"column":53},"end":{"line":34,"column":55}}]},"1":{"loc":{"start":{"line":35,"column":4},"end":{"line":35,"column":24}},"type":"if","locations":[{"start":{"line":35,"column":4},"end":{"line":35,"column":24}}]},"2":{"loc":{"start":{"line":38,"column":20},"end":{"line":38,"column":39}},"type":"cond-expr","locations":[{"start":{"line":38,"column":33},"end":{"line":38,"column":35}},{"start":{"line":38,"column":20},"end":{"line":38,"column":39}}]},"3":{"loc":{"start":{"line":38,"column":20},"end":{"line":38,"column":35}},"type":"binary-expr","locations":[{"start":{"line":38,"column":20},"end":{"line":38,"column":35}},{"start":{"line":38,"column":20},"end":{"line":38,"column":35}}]},"4":{"loc":{"start":{"line":45,"column":4},"end":{"line":49,"column":5}},"type":"if","locations":[{"start":{"line":45,"column":4},"end":{"line":49,"column":5}},{"start":{"line":47,"column":11},"end":{"line":49,"column":5}}]},"5":{"loc":{"start":{"line":53,"column":4},"end":{"line":65,"column":5}},"type":"if","locations":[{"start":{"line":53,"column":4},"end":{"line":65,"column":5}},{"start":{"line":56,"column":11},"end":{"line":65,"column":5}}]},"6":{"loc":{"start":{"line":53,"column":8},"end":{"line":53,"column":64}},"type":"binary-expr","locations":[{"start":{"line":53,"column":8},"end":{"line":53,"column":33}},{"start":{"line":53,"column":37},"end":{"line":53,"column":64}}]},"7":{"loc":{"start":{"line":56,"column":11},"end":{"line":65,"column":5}},"type":"if","locations":[{"start":{"line":56,"column":11},"end":{"line":65,"column":5}},{"start":{"line":63,"column":11},"end":{"line":65,"column":5}}]},"8":{"loc":{"start":{"line":70,"column":4},"end":{"line":76,"column":5}},"type":"if","locations":[{"start":{"line":70,"column":4},"end":{"line":76,"column":5}}]},"9":{"loc":{"start":{"line":78,"column":4},"end":{"line":78,"column":41}},"type":"if","locations":[{"start":{"line":78,"column":4},"end":{"line":78,"column":41}}]},"10":{"loc":{"start":{"line":86,"column":25},"end":{"line":86,"column":106}},"type":"binary-expr","locations":[{"start":{"line":86,"column":25},"end":{"line":86,"column":50}},{"start":{"line":86,"column":54},"end":{"line":86,"column":83}},{"start":{"line":86,"column":87},"end":{"line":86,"column":106}}]},"11":{"loc":{"start":{"line":88,"column":4},"end":{"line":92,"column":5}},"type":"if","locations":[{"start":{"line":88,"column":4},"end":{"line":92,"column":5}}]},"12":{"loc":{"start":{"line":95,"column":6},"end":{"line":110,"column":5}},"type":"if","locations":[{"start":{"line":95,"column":6},"end":{"line":110,"column":5}}]},"13":{"loc":{"start":{"line":116,"column":4},"end":{"line":118,"column":5}},"type":"if","locations":[{"start":{"line":116,"column":4},"end":{"line":118,"column":5}}]},"14":{"loc":{"start":{"line":127,"column":4},"end":{"line":131,"column":5}},"type":"if","locations":[{"start":{"line":127,"column":4},"end":{"line":131,"column":5}},{"start":{"line":129,"column":9},"end":{"line":131,"column":5}}]},"15":{"loc":{"start":{"line":137,"column":4},"end":{"line":142,"column":5}},"type":"if","locations":[{"start":{"line":137,"column":4},"end":{"line":142,"column":5}}]},"16":{"loc":{"start":{"line":138,"column":18},"end":{"line":138,"column":101}},"type":"cond-expr","locations":[{"start":{"line":138,"column":28},"end":{"line":138,"column":30}},{"start":{"line":138,"column":18},"end":{"line":138,"column":101}}]},"17":{"loc":{"start":{"line":138,"column":18},"end":{"line":138,"column":30}},"type":"binary-expr","locations":[{"start":{"line":138,"column":18},"end":{"line":138,"column":30}},{"start":{"line":138,"column":18},"end":{"line":138,"column":30}}]},"18":{"loc":{"start":{"line":138,"column":80},"end":{"line":138,"column":100}},"type":"cond-expr","locations":[{"start":{"line":138,"column":88},"end":{"line":138,"column":90}},{"start":{"line":138,"column":80},"end":{"line":138,"column":100}}]},"19":{"loc":{"start":{"line":138,"column":80},"end":{"line":138,"column":90}},"type":"binary-expr","locations":[{"start":{"line":138,"column":80},"end":{"line":138,"column":90}},{"start":{"line":138,"column":80},"end":{"line":138,"column":90}}]},"20":{"loc":{"start":{"line":152,"column":9},"end":{"line":152,"column":null}},"type":"binary-expr","locations":[{"start":{"line":152,"column":9},"end":{"line":152,"column":24}},{"start":{"line":152,"column":28},"end":{"line":152,"column":null}}]},"21":{"loc":{"start":{"line":155,"column":9},"end":{"line":156,"column":null}},"type":"binary-expr","locations":[{"start":{"line":155,"column":10},"end":{"line":155,"column":34}},{"start":{"line":155,"column":38},"end":{"line":155,"column":64}},{"start":{"line":155,"column":70},"end":{"line":156,"column":null}}]},"22":{"loc":{"start":{"line":156,"column":11},"end":{"line":156,"column":123}},"type":"cond-expr","locations":[{"start":{"line":156,"column":38},"end":{"line":156,"column":79}},{"start":{"line":156,"column":82},"end":{"line":156,"column":123}}]},"23":{"loc":{"start":{"line":164,"column":44},"end":{"line":164,"column":112}},"type":"cond-expr","locations":[{"start":{"line":164,"column":92},"end":{"line":164,"column":107}},{"start":{"line":164,"column":110},"end":{"line":164,"column":112}}]},"24":{"loc":{"start":{"line":164,"column":44},"end":{"line":164,"column":89}},"type":"binary-expr","locations":[{"start":{"line":164,"column":44},"end":{"line":164,"column":70}},{"start":{"line":164,"column":74},"end":{"line":164,"column":89}}]},"25":{"loc":{"start":{"line":172,"column":53},"end":{"line":172,"column":125}},"type":"cond-expr","locations":[{"start":{"line":172,"column":105},"end":{"line":172,"column":120}},{"start":{"line":172,"column":123},"end":{"line":172,"column":125}}]},"26":{"loc":{"start":{"line":172,"column":53},"end":{"line":172,"column":102}},"type":"binary-expr","locations":[{"start":{"line":172,"column":53},"end":{"line":172,"column":83}},{"start":{"line":172,"column":87},"end":{"line":172,"column":102}}]},"27":{"loc":{"start":{"line":179,"column":44},"end":{"line":179,"column":106}},"type":"cond-expr","locations":[{"start":{"line":179,"column":86},"end":{"line":179,"column":101}},{"start":{"line":179,"column":104},"end":{"line":179,"column":106}}]},"28":{"loc":{"start":{"line":179,"column":44},"end":{"line":179,"column":83}},"type":"binary-expr","locations":[{"start":{"line":179,"column":44},"end":{"line":179,"column":64}},{"start":{"line":179,"column":68},"end":{"line":179,"column":83}}]}},"s":{"0":1,"1":1,"2":1,"3":1,"4":1,"5":1,"6":1,"7":1,"8":1,"9":1,"10":1,"11":1,"12":1,"13":1,"14":1,"15":1,"16":1,"17":1,"18":0,"19":0,"20":0,"21":0,"22":1,"23":5,"24":5,"25":0,"26":1,"27":0,"28":0,"29":0,"30":0,"31":0,"32":0,"33":0,"34":0,"35":0,"36":0,"37":0,"38":0,"39":0,"40":1,"41":0,"42":0,"43":0,"44":1,"45":0,"46":1,"47":1,"48":1,"49":1,"50":0,"51":0,"52":0,"53":0,"54":0,"55":0,"56":0,"57":0,"58":0,"59":0,"60":0,"61":0,"62":0,"63":0,"64":1,"65":0,"66":0,"67":0,"68":0,"69":1,"70":0,"71":0,"72":0,"73":1,"74":0,"75":0,"76":0,"77":1,"78":0,"79":0,"80":0,"81":0,"82":0,"83":0,"84":0,"85":0,"86":0,"87":1,"88":0,"89":0,"90":1,"91":0,"92":0,"93":0,"94":0,"95":2,"96":0,"97":0,"98":0,"99":0,"100":2,"101":0,"102":0,"103":0,"104":0,"105":1},"f":{"0":1,"1":1,"2":1,"3":1,"4":5,"5":0,"6":0,"7":0,"8":1,"9":0,"10":0,"11":0,"12":0,"13":0,"14":0,"15":0,"16":0,"17":0,"18":0,"19":0,"20":0,"21":0,"22":0,"23":0,"24":0,"25":2,"26":0,"27":0,"28":0,"29":0,"30":2,"31":0,"32":0,"33":0,"34":0},"b":{"0":[1,1],"1":[1],"2":[0,0],"3":[0,0],"4":[5,0],"5":[0,0],"6":[0,0],"7":[0,0],"8":[0],"9":[0],"10":[0,0,0],"11":[0],"12":[0],"13":[0],"14":[0,0],"15":[0],"16":[0,0],"17":[0,0],"18":[0,0],"19":[0,0],"20":[1,0],"21":[1,1,0],"22":[0,0],"23":[0,1],"24":[1,1],"25":[0,1],"26":[1,1],"27":[0,1],"28":[1,1]}}
,"C:\\Users\\ajang\\Desktop\\deep-fitness-microservices\\deepfitness-ui\\src\\components\\activity-service\\UserActivityList.tsx": {"path":"C:\\Users\\ajang\\Desktop\\deep-fitness-microservices\\deepfitness-ui\\src\\components\\activity-service\\UserActivityList.tsx","statementMap":{"0":{"start":{"line":4,"column":0},"end":{"line":4,"column":41}},"1":{"start":{"line":5,"column":0},"end":{"line":5,"column":47}},"2":{"start":{"line":25,"column":25},"end":{"line":42,"column":1}},"3":{"start":{"line":26,"column":52},"end":{"line":26,"column":57}},"4":{"start":{"line":29,"column":2},"end":{"line":41,"column":null}},"5":{"start":{"line":34,"column":10},"end":{"line":34,"column":null}},"6":{"start":{"line":44,"column":0},"end":{"line":44,"column":null}}},"fnMap":{"0":{"name":"(anonymous_1)","decl":{"start":{"line":25,"column":25},"end":{"line":25,"column":26}},"loc":{"start":{"line":25,"column":40},"end":{"line":42,"column":1}}},"1":{"name":"(anonymous_2)","decl":{"start":{"line":33,"column":50},"end":{"line":33,"column":51}},"loc":{"start":{"line":33,"column":76},"end":{"line":35,"column":9}}}},"branchMap":{"0":{"loc":{"start":{"line":33,"column":9},"end":{"line":35,"column":null}},"type":"binary-expr","locations":[{"start":{"line":33,"column":9},"end":{"line":33,"column":30}},{"start":{"line":33,"column":34},"end":{"line":35,"column":10}}]},"1":{"loc":{"start":{"line":33,"column":34},"end":{"line":35,"column":10}},"type":"cond-expr","locations":[{"start":{"line":33,"column":44},"end":{"line":33,"column":46}},{"start":{"line":33,"column":34},"end":{"line":35,"column":10}}]},"2":{"loc":{"start":{"line":33,"column":34},"end":{"line":33,"column":46}},"type":"binary-expr","locations":[{"start":{"line":33,"column":34},"end":{"line":33,"column":46}},{"start":{"line":33,"column":34},"end":{"line":33,"column":46}}]},"3":{"loc":{"start":{"line":36,"column":9},"end":{"line":36,"column":null}},"type":"binary-expr","locations":[{"start":{"line":36,"column":9},"end":{"line":36,"column":27}},{"start":{"line":36,"column":31},"end":{"line":36,"column":null}}]}},"s":{"0":1,"1":1,"2":1,"3":1,"4":1,"5":0,"6":1},"f":{"0":1,"1":0},"b":{"0":[1,0],"1":[0,0],"2":[0,0],"3":[1,1]}}
,"C:\\Users\\ajang\\Desktop\\deep-fitness-microservices\\deepfitness-ui\\src\\components\\activity-service\\activity-types.ts": {"path":"C:\\Users\\ajang\\Desktop\\deep-fitness-microservices\\deepfitness-ui\\src\\components\\activity-service\\activity-types.ts","statementMap":{"0":{"start":{"line":1,"column":13},"end":{"line":13,"column":2}}},"fnMap":{},"branchMap":{},"s":{"0":1},"f":{},"b":{}}
,"C:\\Users\\ajang\\Desktop\\deep-fitness-microservices\\deepfitness-ui\\src\\components\\ai-service\\UserRecommandations.tsx": {"path":"C:\\Users\\ajang\\Desktop\\deep-fitness-microservices\\deepfitness-ui\\src\\components\\ai-service\\UserRecommandations.tsx","statementMap":{"0":{"start":{"line":1,"column":0},"end":{"line":1,"column":56}},"1":{"start":{"line":2,"column":0},"end":{"line":2,"column":64}},"2":{"start":{"line":3,"column":0},"end":{"line":3,"column":42}},"3":{"start":{"line":4,"column":0},"end":{"line":4,"column":44}},"4":{"start":{"line":5,"column":0},"end":{"line":5,"column":63}},"5":{"start":{"line":19,"column":28},"end":{"line":83,"column":1}},"6":{"start":{"line":20,"column":30},"end":{"line":20,"column":56}},"7":{"start":{"line":21,"column":54},"end":{"line":21,"column":88}},"8":{"start":{"line":22,"column":45},"end":{"line":30,"column":null}},"9":{"start":{"line":22,"column":74},"end":{"line":30,"column":null}},"10":{"start":{"line":23,"column":4},"end":{"line":23,"column":72}},"11":{"start":{"line":24,"column":4},"end":{"line":29,"column":5}},"12":{"start":{"line":25,"column":18},"end":{"line":25,"column":57}},"13":{"start":{"line":26,"column":6},"end":{"line":28,"column":7}},"14":{"start":{"line":27,"column":8},"end":{"line":27,"column":40}},"15":{"start":{"line":32,"column":2},"end":{"line":34,"column":null}},"16":{"start":{"line":33,"column":4},"end":{"line":33,"column":60}},"17":{"start":{"line":36,"column":2},"end":{"line":82,"column":null}},"18":{"start":{"line":55,"column":14},"end":{"line":55,"column":null}},"19":{"start":{"line":63,"column":14},"end":{"line":63,"column":null}},"20":{"start":{"line":71,"column":14},"end":{"line":71,"column":null}},"21":{"start":{"line":78,"column":74},"end":{"line":78,"column":129}},"22":{"start":{"line":85,"column":0},"end":{"line":85,"column":35}}},"fnMap":{"0":{"name":"(anonymous_7)","decl":{"start":{"line":19,"column":28},"end":{"line":19,"column":31}},"loc":{"start":{"line":19,"column":33},"end":{"line":83,"column":1}}},"1":{"name":"(anonymous_8)","decl":{"start":{"line":22,"column":45},"end":{"line":22,"column":52}},"loc":{"start":{"line":22,"column":74},"end":{"line":30,"column":null}}},"2":{"name":"(anonymous_9)","decl":{"start":{"line":22,"column":74},"end":{"line":22,"column":null}},"loc":{"start":{"line":22,"column":74},"end":{"line":30,"column":3}}},"3":{"name":"(anonymous_10)","decl":{"start":{"line":32,"column":12},"end":{"line":32,"column":15}},"loc":{"start":{"line":32,"column":17},"end":{"line":34,"column":3}}},"4":{"name":"(anonymous_11)","decl":{"start":{"line":54,"column":60},"end":{"line":54,"column":61}},"loc":{"start":{"line":54,"column":74},"end":{"line":56,"column":13}}},"5":{"name":"(anonymous_12)","decl":{"start":{"line":62,"column":52},"end":{"line":62,"column":53}},"loc":{"start":{"line":62,"column":66},"end":{"line":64,"column":13}}},"6":{"name":"(anonymous_13)","decl":{"start":{"line":70,"column":54},"end":{"line":70,"column":55}},"loc":{"start":{"line":70,"column":68},"end":{"line":72,"column":13}}},"7":{"name":"(anonymous_14)","decl":{"start":{"line":78,"column":68},"end":{"line":78,"column":71}},"loc":{"start":{"line":78,"column":74},"end":{"line":78,"column":129}}}},"branchMap":{"0":{"loc":{"start":{"line":23,"column":17},"end":{"line":23,"column":71}},"type":"binary-expr","locations":[{"start":{"line":23,"column":17},"end":{"line":23,"column":27}},{"start":{"line":23,"column":31},"end":{"line":23,"column":65}},{"start":{"line":23,"column":69},"end":{"line":23,"column":71}}]},"1":{"loc":{"start":{"line":24,"column":4},"end":{"line":29,"column":5}},"type":"if","locations":[{"start":{"line":24,"column":4},"end":{"line":29,"column":5}}]},"2":{"loc":{"start":{"line":26,"column":6},"end":{"line":28,"column":7}},"type":"if","locations":[{"start":{"line":26,"column":6},"end":{"line":28,"column":7}}]},"3":{"loc":{"start":{"line":38,"column":7},"end":{"line":74,"column":null}},"type":"binary-expr","locations":[{"start":{"line":38,"column":7},"end":{"line":38,"column":39}},{"start":{"line":38,"column":43},"end":{"line":74,"column":null}}]},"4":{"loc":{"start":{"line":38,"column":7},"end":{"line":38,"column":39}},"type":"cond-expr","locations":[{"start":{"line":38,"column":25},"end":{"line":38,"column":27}},{"start":{"line":38,"column":7},"end":{"line":38,"column":39}}]},"5":{"loc":{"start":{"line":38,"column":7},"end":{"line":38,"column":27}},"type":"binary-expr","locations":[{"start":{"line":38,"column":7},"end":{"line":38,"column":27}},{"start":{"line":38,"column":7},"end":{"line":38,"column":27}}]},"6":{"loc":{"start":{"line":42,"column":118},"end":{"line":42,"column":153}},"type":"cond-expr","locations":[{"start":{"line":42,"column":136},"end":{"line":42,"column":138}},{"start":{"line":42,"column":118},"end":{"line":42,"column":153}}]},"7":{"loc":{"start":{"line":42,"column":118},"end":{"line":42,"column":138}},"type":"binary-expr","locations":[{"start":{"line":42,"column":118},"end":{"line":42,"column":138}},{"start":{"line":42,"column":118},"end":{"line":42,"column":138}}]},"8":{"loc":{"start":{"line":48,"column":118},"end":{"line":48,"column":168}},"type":"cond-expr","locations":[{"start":{"line":48,"column":136},"end":{"line":48,"column":138}},{"start":{"line":48,"column":118},"end":{"line":48,"column":168}}]},"9":{"loc":{"start":{"line":48,"column":118},"end":{"line":48,"column":138}},"type":"binary-expr","locations":[{"start":{"line":48,"column":118},"end":{"line":48,"column":138}},{"start":{"line":48,"column":118},"end":{"line":48,"column":138}}]},"10":{"loc":{"start":{"line":54,"column":13},"end":{"line":56,"column":14}},"type":"cond-expr","locations":[{"start":{"line":54,"column":31},"end":{"line":54,"column":33}},{"start":{"line":54,"column":13},"end":{"line":56,"column":14}}]},"11":{"loc":{"start":{"line":54,"column":13},"end":{"line":54,"column":33}},"type":"binary-expr","locations":[{"start":{"line":54,"column":13},"end":{"line":54,"column":33}},{"start":{"line":54,"column":13},"end":{"line":54,"column":33}}]},"12":{"loc":{"start":{"line":62,"column":13},"end":{"line":64,"column":14}},"type":"cond-expr","locations":[{"start":{"line":62,"column":31},"end":{"line":62,"column":33}},{"start":{"line":62,"column":13},"end":{"line":64,"column":14}}]},"13":{"loc":{"start":{"line":62,"column":13},"end":{"line":62,"column":33}},"type":"binary-expr","locations":[{"start":{"line":62,"column":13},"end":{"line":62,"column":33}},{"start":{"line":62,"column":13},"end":{"line":62,"column":33}}]},"14":{"loc":{"start":{"line":70,"column":13},"end":{"line":72,"column":14}},"type":"cond-expr","locations":[{"start":{"line":70,"column":31},"end":{"line":70,"column":33}},{"start":{"line":70,"column":13},"end":{"line":72,"column":14}}]},"15":{"loc":{"start":{"line":70,"column":13},"end":{"line":70,"column":33}},"type":"binary-expr","locations":[{"start":{"line":70,"column":13},"end":{"line":70,"column":33}},{"start":{"line":70,"column":13},"end":{"line":70,"column":33}}]},"16":{"loc":{"start":{"line":77,"column":9},"end":{"line":78,"column":null}},"type":"binary-expr","locations":[{"start":{"line":77,"column":9},"end":{"line":77,"column":46}},{"start":{"line":77,"column":46},"end":{"line":78,"column":null}}]},"17":{"loc":{"start":{"line":77,"column":10},"end":{"line":77,"column":42}},"type":"cond-expr","locations":[{"start":{"line":77,"column":28},"end":{"line":77,"column":30}},{"start":{"line":77,"column":10},"end":{"line":77,"column":42}}]},"18":{"loc":{"start":{"line":77,"column":10},"end":{"line":77,"column":30}},"type":"binary-expr","locations":[{"start":{"line":77,"column":10},"end":{"line":77,"column":30}},{"start":{"line":77,"column":10},"end":{"line":77,"column":30}}]}},"s":{"0":1,"1":1,"2":1,"3":1,"4":1,"5":1,"6":4,"7":4,"8":4,"9":4,"10":4,"11":4,"12":4,"13":4,"14":2,"15":4,"16":3,"17":4,"18":2,"19":2,"20":2,"21":1,"22":1},"f":{"0":4,"1":4,"2":4,"3":3,"4":2,"5":2,"6":2,"7":1},"b":{"0":[4,0,0],"1":[4],"2":[2],"3":[4,1],"4":[3,1],"5":[4,4],"6":[0,1],"7":[1,1],"8":[0,1],"9":[1,1],"10":[0,1],"11":[1,1],"12":[0,1],"13":[1,1],"14":[0,1],"15":[1,1],"16":[4,3],"17":[3,1],"18":[4,4]}}
,"C:\\Users\\ajang\\Desktop\\deep-fitness-microservices\\deepfitness-ui\\src\\components\\appbar\\NavBar.tsx": {"path":"C:\\Users\\ajang\\Desktop\\deep-fitness-microservices\\deepfitness-ui\\src\\components\\appbar\\NavBar.tsx","statementMap":{"0":{"start":{"line":27,"column":0},"end":{"line":27,"column":24}},"1":{"start":{"line":1,"column":0},"end":{"line":1,"column":31}},"2":{"start":{"line":2,"column":0},"end":{"line":2,"column":42}},"3":{"start":{"line":3,"column":0},"end":{"line":3,"column":36}},"4":{"start":{"line":4,"column":0},"end":{"line":4,"column":52}},"5":{"start":{"line":5,"column":0},"end":{"line":5,"column":44}},"6":{"start":{"line":6,"column":0},"end":{"line":6,"column":42}},"7":{"start":{"line":7,"column":0},"end":{"line":7,"column":50}},"8":{"start":{"line":8,"column":0},"end":{"line":8,"column":38}},"9":{"start":{"line":9,"column":0},"end":{"line":9,"column":46}},"10":{"start":{"line":10,"column":0},"end":{"line":10,"column":58}},"11":{"start":{"line":11,"column":0},"end":{"line":11,"column":54}},"12":{"start":{"line":12,"column":0},"end":{"line":12,"column":48}},"13":{"start":{"line":13,"column":0},"end":{"line":13,"column":44}},"14":{"start":{"line":14,"column":0},"end":{"line":14,"column":50}},"15":{"start":{"line":15,"column":0},"end":{"line":15,"column":42}},"16":{"start":{"line":16,"column":0},"end":{"line":16,"column":43}},"17":{"start":{"line":25,"column":20},"end":{"line":25,"column":23}},"18":{"start":{"line":28,"column":43},"end":{"line":28,"column":48}},"19":{"start":{"line":29,"column":19},"end":{"line":29,"column":104}},"20":{"start":{"line":30,"column":38},"end":{"line":30,"column":59}},"21":{"start":{"line":31,"column":19},"end":{"line":31,"column":32}},"22":{"start":{"line":32,"column":22},"end":{"line":45,"column":3}},"23":{"start":{"line":33,"column":18},"end":{"line":33,"column":78}},"24":{"start":{"line":34,"column":4},"end":{"line":44,"column":5}},"25":{"start":{"line":35,"column":6},"end":{"line":35,"column":15}},"26":{"start":{"line":36,"column":11},"end":{"line":44,"column":5}},"27":{"start":{"line":37,"column":6},"end":{"line":37,"column":14}},"28":{"start":{"line":38,"column":11},"end":{"line":44,"column":5}},"29":{"start":{"line":39,"column":6},"end":{"line":39,"column":20}},"30":{"start":{"line":40,"column":11},"end":{"line":44,"column":5}},"31":{"start":{"line":41,"column":6},"end":{"line":41,"column":27}},"32":{"start":{"line":42,"column":11},"end":{"line":44,"column":5}},"33":{"start":{"line":43,"column":6},"end":{"line":43,"column":25}},"34":{"start":{"line":47,"column":29},"end":{"line":49,"column":3}},"35":{"start":{"line":48,"column":4},"end":{"line":48,"column":45}},"36":{"start":{"line":48,"column":33},"end":{"line":48,"column":43}},"37":{"start":{"line":52,"column":4},"end":{"line":69,"column":null}},"38":{"start":{"line":59,"column":10},"end":{"line":59,"column":31}},"39":{"start":{"line":73,"column":20},"end":{"line":73,"column":83}},"40":{"start":{"line":73,"column":49},"end":{"line":73,"column":71}},"41":{"start":{"line":75,"column":2},"end":{"line":131,"column":4}},"42":{"start":{"line":98,"column":14},"end":{"line":100,"column":null}}},"fnMap":{"0":{"name":"DrawerAppBar","decl":{"start":{"line":27,"column":24},"end":{"line":27,"column":36}},"loc":{"start":{"line":27,"column":49},"end":{"line":132,"column":1}}},"1":{"name":"(anonymous_11)","decl":{"start":{"line":32,"column":22},"end":{"line":32,"column":23}},"loc":{"start":{"line":32,"column":63},"end":{"line":45,"column":3}}},"2":{"name":"(anonymous_12)","decl":{"start":{"line":47,"column":29},"end":{"line":47,"column":32}},"loc":{"start":{"line":47,"column":34},"end":{"line":49,"column":3}}},"3":{"name":"(anonymous_13)","decl":{"start":{"line":48,"column":18},"end":{"line":48,"column":19}},"loc":{"start":{"line":48,"column":33},"end":{"line":48,"column":43}}},"4":{"name":"(anonymous_14)","decl":{"start":{"line":58,"column":22},"end":{"line":58,"column":23}},"loc":{"start":{"line":59,"column":10},"end":{"line":59,"column":31}}},"5":{"name":"(anonymous_15)","decl":{"start":{"line":73,"column":43},"end":{"line":73,"column":46}},"loc":{"start":{"line":73,"column":49},"end":{"line":73,"column":71}}},"6":{"name":"(anonymous_16)","decl":{"start":{"line":97,"column":26},"end":{"line":97,"column":27}},"loc":{"start":{"line":98,"column":14},"end":{"line":100,"column":null}}}},"branchMap":{"0":{"loc":{"start":{"line":29,"column":19},"end":{"line":29,"column":104}},"type":"cond-expr","locations":[{"start":{"line":29,"column":27},"end":{"line":29,"column":65}},{"start":{"line":29,"column":67},"end":{"line":29,"column":104}}]},"1":{"loc":{"start":{"line":34,"column":4},"end":{"line":44,"column":5}},"type":"if","locations":[{"start":{"line":34,"column":4},"end":{"line":44,"column":5}},{"start":{"line":36,"column":11},"end":{"line":44,"column":5}}]},"2":{"loc":{"start":{"line":34,"column":8},"end":{"line":34,"column":48}},"type":"binary-expr","locations":[{"start":{"line":34,"column":8},"end":{"line":34,"column":25}},{"start":{"line":34,"column":29},"end":{"line":34,"column":48}}]},"3":{"loc":{"start":{"line":36,"column":11},"end":{"line":44,"column":5}},"type":"if","locations":[{"start":{"line":36,"column":11},"end":{"line":44,"column":5}},{"start":{"line":38,"column":11},"end":{"line":44,"column":5}}]},"4":{"loc":{"start":{"line":36,"column":15},"end":{"line":36,"column":53}},"type":"binary-expr","locations":[{"start":{"line":36,"column":15},"end":{"line":36,"column":31}},{"start":{"line":36,"column":35},"end":{"line":36,"column":53}}]},"5":{"loc":{"start":{"line":38,"column":11},"end":{"line":44,"column":5}},"type":"if","locations":[{"start":{"line":38,"column":11},"end":{"line":44,"column":5}},{"start":{"line":40,"column":11},"end":{"line":44,"column":5}}]},"6":{"loc":{"start":{"line":40,"column":11},"end":{"line":44,"column":5}},"type":"if","locations":[{"start":{"line":40,"column":11},"end":{"line":44,"column":5}},{"start":{"line":42,"column":11},"end":{"line":44,"column":5}}]},"7":{"loc":{"start":{"line":42,"column":11},"end":{"line":44,"column":5}},"type":"if","locations":[{"start":{"line":42,"column":11},"end":{"line":44,"column":5}}]},"8":{"loc":{"start":{"line":73,"column":20},"end":{"line":73,"column":83}},"type":"cond-expr","locations":[{"start":{"line":73,"column":43},"end":{"line":73,"column":71}},{"start":{"line":73,"column":74},"end":{"line":73,"column":83}}]}},"s":{"0":1,"1":1,"2":1,"3":1,"4":1,"5":1,"6":1,"7":1,"8":1,"9":1,"10":1,"11":1,"12":1,"13":1,"14":1,"15":1,"16":1,"17":1,"18":7,"19":7,"20":7,"21":7,"22":7,"23":5,"24":5,"25":1,"26":4,"27":1,"28":3,"29":1,"30":2,"31":1,"32":1,"33":1,"34":7,"35":0,"36":0,"37":7,"38":28,"39":7,"40":0,"41":7,"42":28},"f":{"0":7,"1":5,"2":0,"3":0,"4":28,"5":0,"6":28},"b":{"0":[5,2],"1":[1,4],"2":[5,1],"3":[1,3],"4":[4,1],"5":[1,2],"6":[1,1],"7":[1],"8":[0,7]}}
,"C:\\Users\\ajang\\Desktop\\deep-fitness-microservices\\deepfitness-ui\\src\\interceptors\\api.ts": {"path":"C:\\Users\\ajang\\Desktop\\deep-fitness-microservices\\deepfitness-ui\\src\\interceptors\\api.ts","statementMap":{"0":{"start":{"line":1,"column":0},"end":{"line":1,"column":37}},"1":{"start":{"line":3,"column":26},"end":{"line":4,"column":68}},"2":{"start":{"line":4,"column":2},"end":{"line":4,"column":68}},"3":{"start":{"line":3,"column":13},"end":{"line":3,"column":26}},"4":{"start":{"line":5,"column":31},"end":{"line":7,"column":1}},"5":{"start":{"line":6,"column":2},"end":{"line":6,"column":66}},"6":{"start":{"line":5,"column":13},"end":{"line":5,"column":31}},"7":{"start":{"line":8,"column":33},"end":{"line":10,"column":3}},"8":{"start":{"line":8,"column":51},"end":{"line":10,"column":3}},"9":{"start":{"line":8,"column":13},"end":{"line":8,"column":33}},"10":{"start":{"line":12,"column":37},"end":{"line":12,"column":117}},"11":{"start":{"line":12,"column":59},"end":{"line":12,"column":117}},"12":{"start":{"line":12,"column":13},"end":{"line":12,"column":37}},"13":{"start":{"line":13,"column":34},"end":{"line":13,"column":98}},"14":{"start":{"line":13,"column":56},"end":{"line":13,"column":98}},"15":{"start":{"line":13,"column":13},"end":{"line":13,"column":34}}},"fnMap":{"0":{"name":"(anonymous_1)","decl":{"start":{"line":3,"column":26},"end":{"line":3,"column":29}},"loc":{"start":{"line":4,"column":2},"end":{"line":4,"column":68}}},"1":{"name":"(anonymous_2)","decl":{"start":{"line":5,"column":31},"end":{"line":5,"column":32}},"loc":{"start":{"line":5,"column":44},"end":{"line":7,"column":1}}},"2":{"name":"(anonymous_3)","decl":{"start":{"line":8,"column":33},"end":{"line":8,"column":34}},"loc":{"start":{"line":8,"column":51},"end":{"line":10,"column":3}}},"3":{"name":"(anonymous_4)","decl":{"start":{"line":12,"column":37},"end":{"line":12,"column":38}},"loc":{"start":{"line":12,"column":59},"end":{"line":12,"column":117}}},"4":{"name":"(anonymous_5)","decl":{"start":{"line":13,"column":34},"end":{"line":13,"column":35}},"loc":{"start":{"line":13,"column":56},"end":{"line":13,"column":98}}}},"branchMap":{},"s":{"0":3,"1":3,"2":2,"3":3,"4":3,"5":1,"6":3,"7":3,"8":1,"9":3,"10":3,"11":1,"12":3,"13":3,"14":1,"15":3},"f":{"0":2,"1":1,"2":1,"3":1,"4":1},"b":{}}
,"C:\\Users\\ajang\\Desktop\\deep-fitness-microservices\\deepfitness-ui\\src\\interceptors\\verifyAuth.ts": {"path":"C:\\Users\\ajang\\Desktop\\deep-fitness-microservices\\deepfitness-ui\\src\\interceptors\\verifyAuth.ts","statementMap":{"0":{"start":{"line":1,"column":0},"end":{"line":1,"column":26}},"1":{"start":{"line":4,"column":18},"end":{"line":6,"column":2}},"2":{"start":{"line":8,"column":0},"end":{"line":27,"column":2}},"3":{"start":{"line":10,"column":18},"end":{"line":10,"column":47}},"4":{"start":{"line":11,"column":4},"end":{"line":16,"column":null}},"5":{"start":{"line":22,"column":4},"end":{"line":24,"column":5}},"6":{"start":{"line":25,"column":4},"end":{"line":25,"column":33}},"7":{"start":{"line":29,"column":0},"end":{"line":39,"column":2}},"8":{"start":{"line":31,"column":4},"end":{"line":31,"column":20}},"9":{"start":{"line":34,"column":4},"end":{"line":36,"column":5}},"10":{"start":{"line":37,"column":4},"end":{"line":37,"column":33}},"11":{"start":{"line":41,"column":0},"end":{"line":41,"column":25}}},"fnMap":{"0":{"name":"(anonymous_1)","decl":{"start":{"line":9,"column":2},"end":{"line":9,"column":3}},"loc":{"start":{"line":9,"column":18},"end":{"line":19,"column":3}}},"1":{"name":"(anonymous_2)","decl":{"start":{"line":20,"column":2},"end":{"line":20,"column":3}},"loc":{"start":{"line":20,"column":12},"end":{"line":26,"column":3}}},"2":{"name":"(anonymous_3)","decl":{"start":{"line":30,"column":2},"end":{"line":30,"column":3}},"loc":{"start":{"line":30,"column":15},"end":{"line":32,"column":3}}},"3":{"name":"(anonymous_4)","decl":{"start":{"line":33,"column":2},"end":{"line":33,"column":3}},"loc":{"start":{"line":33,"column":12},"end":{"line":38,"column":3}}}},"branchMap":{"0":{"loc":{"start":{"line":14,"column":12},"end":{"line":14,"column":66}},"type":"binary-expr","locations":[{"start":{"line":14,"column":12},"end":{"line":14,"column":26}},{"start":{"line":14,"column":30},"end":{"line":14,"column":66}}]},"1":{"loc":{"start":{"line":22,"column":4},"end":{"line":24,"column":5}},"type":"if","locations":[{"start":{"line":22,"column":4},"end":{"line":24,"column":5}}]},"2":{"loc":{"start":{"line":22,"column":8},"end":{"line":22,"column":55}},"type":"binary-expr","locations":[{"start":{"line":22,"column":8},"end":{"line":22,"column":22}},{"start":{"line":22,"column":26},"end":{"line":22,"column":55}}]},"3":{"loc":{"start":{"line":34,"column":4},"end":{"line":36,"column":5}},"type":"if","locations":[{"start":{"line":34,"column":4},"end":{"line":36,"column":5}}]},"4":{"loc":{"start":{"line":34,"column":8},"end":{"line":34,"column":55}},"type":"binary-expr","locations":[{"start":{"line":34,"column":8},"end":{"line":34,"column":22}},{"start":{"line":34,"column":26},"end":{"line":34,"column":55}}]}},"s":{"0":4,"1":4,"2":4,"3":9,"4":9,"5":0,"6":0,"7":4,"8":8,"9":1,"10":1,"11":4},"f":{"0":9,"1":0,"2":8,"3":1},"b":{"0":[9,1],"1":[0],"2":[0,0],"3":[1],"4":[1,1]}}
,"C:\\Users\\ajang\\Desktop\\deep-fitness-microservices\\deepfitness-ui\\src\\store\\authSlice.ts": {"path":"C:\\Users\\ajang\\Desktop\\deep-fitness-microservices\\deepfitness-ui\\src\\store\\authSlice.ts","statementMap":{"0":{"start":{"line":1,"column":0},"end":{"line":1,"column":46}},"1":{"start":{"line":3,"column":13},"end":{"line":3,"column":41}},"2":{"start":{"line":4,"column":13},"end":{"line":29,"column":null}},"3":{"start":{"line":13,"column":12},"end":{"line":13,"column":45}},"4":{"start":{"line":14,"column":12},"end":{"line":14,"column":47}},"5":{"start":{"line":15,"column":12},"end":{"line":15,"column":46}},"6":{"start":{"line":16,"column":12},"end":{"line":16,"column":78}},"7":{"start":{"line":17,"column":12},"end":{"line":17,"column":null}},"8":{"start":{"line":18,"column":12},"end":{"line":18,"column":64}},"9":{"start":{"line":21,"column":12},"end":{"line":21,"column":30}},"10":{"start":{"line":22,"column":12},"end":{"line":22,"column":31}},"11":{"start":{"line":23,"column":12},"end":{"line":23,"column":32}},"12":{"start":{"line":24,"column":12},"end":{"line":24,"column":45}},"13":{"start":{"line":25,"column":12},"end":{"line":25,"column":44}},"14":{"start":{"line":26,"column":12},"end":{"line":26,"column":46}},"15":{"start":{"line":31,"column":13},"end":{"line":31,"column":42}},"16":{"start":{"line":33,"column":0},"end":{"line":33,"column":null}}},"fnMap":{"0":{"name":"(anonymous_0)","decl":{"start":{"line":12,"column":24},"end":{"line":12,"column":25}},"loc":{"start":{"line":12,"column":42},"end":{"line":19,"column":9}}},"1":{"name":"(anonymous_1)","decl":{"start":{"line":20,"column":16},"end":{"line":20,"column":17}},"loc":{"start":{"line":20,"column":26},"end":{"line":27,"column":9}}}},"branchMap":{"0":{"loc":{"start":{"line":7,"column":14},"end":{"line":7,"column":44}},"type":"cond-expr","locations":[{"start":{"line":7,"column":21},"end":{"line":7,"column":37}},{"start":{"line":7,"column":40},"end":{"line":7,"column":44}}]},"1":{"loc":{"start":{"line":8,"column":15},"end":{"line":8,"column":52}},"type":"binary-expr","locations":[{"start":{"line":8,"column":15},"end":{"line":8,"column":44}},{"start":{"line":8,"column":48},"end":{"line":8,"column":52}}]},"2":{"loc":{"start":{"line":9,"column":16},"end":{"line":9,"column":54}},"type":"binary-expr","locations":[{"start":{"line":9,"column":16},"end":{"line":9,"column":46}},{"start":{"line":9,"column":50},"end":{"line":9,"column":54}}]}},"s":{"0":2,"1":2,"2":2,"3":2,"4":2,"5":2,"6":2,"7":2,"8":2,"9":5,"10":5,"11":5,"12":5,"13":5,"14":5,"15":2,"16":2},"f":{"0":2,"1":5},"b":{"0":[0,2],"1":[2,2],"2":[2,2]}}
,"C:\\Users\\ajang\\Desktop\\deep-fitness-microservices\\deepfitness-ui\\src\\store\\recommandationSlice.ts": {"path":"C:\\Users\\ajang\\Desktop\\deep-fitness-microservices\\deepfitness-ui\\src\\store\\recommandationSlice.ts","statementMap":{"0":{"start":{"line":1,"column":0},"end":{"line":1,"column":47}},"1":{"start":{"line":7,"column":43},"end":{"line":9,"column":2}},"2":{"start":{"line":11,"column":13},"end":{"line":22,"column":null}},"3":{"start":{"line":16,"column":6},"end":{"line":16,"column":28}},"4":{"start":{"line":19,"column":6},"end":{"line":19,"column":40}},"5":{"start":{"line":24,"column":13},"end":{"line":24,"column":55}},"6":{"start":{"line":25,"column":0},"end":{"line":25,"column":44}},"7":{"start":{"line":26,"column":29},"end":{"line":26,"column":77}},"8":{"start":{"line":26,"column":45},"end":{"line":26,"column":77}},"9":{"start":{"line":26,"column":13},"end":{"line":26,"column":29}}},"fnMap":{"0":{"name":"(anonymous_0)","decl":{"start":{"line":15,"column":26},"end":{"line":15,"column":27}},"loc":{"start":{"line":15,"column":36},"end":{"line":17,"column":5}}},"1":{"name":"(anonymous_1)","decl":{"start":{"line":18,"column":19},"end":{"line":18,"column":20}},"loc":{"start":{"line":18,"column":37},"end":{"line":20,"column":5}}},"2":{"name":"(anonymous_2)","decl":{"start":{"line":26,"column":29},"end":{"line":26,"column":30}},"loc":{"start":{"line":26,"column":45},"end":{"line":26,"column":77}}}},"branchMap":{},"s":{"0":4,"1":4,"2":4,"3":5,"4":2,"5":4,"6":4,"7":4,"8":1,"9":4},"f":{"0":5,"1":2,"2":1},"b":{}}
,"C:\\Users\\ajang\\Desktop\\deep-fitness-microservices\\deepfitness-ui\\src\\store\\store.ts": {"path":"C:\\Users\\ajang\\Desktop\\deep-fitness-microservices\\deepfitness-ui\\src\\store\\store.ts","statementMap":{"0":{"start":{"line":1,"column":0},"end":{"line":1,"column":50}},"1":{"start":{"line":2,"column":0},"end":{"line":2,"column":40}},"2":{"start":{"line":3,"column":0},"end":{"line":3,"column":61}},"3":{"start":{"line":5,"column":13},"end":{"line":10,"column":null}}},"fnMap":{},"branchMap":{},"s":{"0":1,"1":1,"2":1,"3":1},"f":{},"b":{}}
}
