TN:
SF:src\components\Home.tsx
FN:10,(anonymous_1)
FNF:1
FNH:1
FNDA:1,(anonymous_1)
DA:2,1
DA:3,1
DA:10,1
DA:11,1
DA:19,1
LF:5
LH:5
BRDA:13,0,0,1
BRDA:13,0,1,1
BRDA:14,1,0,1
BRDA:14,1,1,0
BRF:4
BRH:3
end_of_record
TN:
SF:src\components\MainPage.tsx
FN:25,(anonymous_1)
FN:26,(anonymous_2)
FNF:2
FNH:1
FNDA:1,(anonymous_1)
FNDA:0,(anonymous_2)
DA:1,2
DA:2,2
DA:3,2
DA:25,2
DA:26,1
DA:27,0
DA:30,1
DA:66,2
LF:8
LH:7
BRF:0
BRH:0
end_of_record
TN:
SF:src\components\activity-service\UserActivity.tsx
FN:14,(anonymous_1)
FN:18,(anonymous_2)
FN:19,(anonymous_3)
FN:22,(anonymous_4)
FN:28,(anonymous_5)
FN:63,(anonymous_6)
FN:86,(anonymous_7)
FNF:7
FNH:0
FNDA:0,(anonymous_1)
FNDA:0,(anonymous_2)
FNDA:0,(anonymous_3)
FNDA:0,(anonymous_4)
FNDA:0,(anonymous_5)
FNDA:0,(anonymous_6)
FNDA:0,(anonymous_7)
DA:1,1
DA:3,1
DA:4,1
DA:5,1
DA:6,1
DA:14,1
DA:15,0
DA:16,0
DA:17,0
DA:18,0
DA:19,0
DA:22,0
DA:23,0
DA:24,0
DA:25,0
DA:28,0
DA:29,0
DA:30,0
DA:35,0
DA:63,0
DA:86,0
DA:97,0
DA:104,1
LF:23
LH:7
BRDA:70,0,0,0
BRDA:70,0,1,0
BRDA:73,1,0,0
BRDA:73,1,1,0
BRDA:76,2,0,0
BRDA:76,2,1,0
BRDA:79,3,0,0
BRDA:79,3,1,0
BRDA:82,4,0,0
BRDA:82,4,1,0
BRF:10
BRH:0
end_of_record
TN:
SF:src\components\activity-service\UserActivityForm.tsx
FN:21,(anonymous_8)
FN:29,(anonymous_9)
FN:33,(anonymous_10)
FN:33,(anonymous_11)
FN:44,(anonymous_12)
FN:51,(anonymous_13)
FN:55,(anonymous_14)
FN:64,(anonymous_15)
FN:69,formatTime
FN:85,(anonymous_17)
FN:85,(anonymous_18)
FN:114,(anonymous_19)
FN:114,(anonymous_20)
FN:121,(anonymous_21)
FN:121,(anonymous_22)
FN:126,(anonymous_23)
FN:134,(anonymous_24)
FN:134,(anonymous_25)
FN:138,(anonymous_26)
FN:145,(anonymous_27)
FN:145,(anonymous_28)
FN:152,(anonymous_29)
FN:155,(anonymous_30)
FN:162,(anonymous_31)
FN:165,(anonymous_32)
FN:166,(anonymous_33)
FN:169,(anonymous_34)
FN:172,(anonymous_35)
FN:178,(anonymous_36)
FN:180,(anonymous_37)
FN:181,(anonymous_38)
FN:185,(anonymous_39)
FN:188,(anonymous_40)
FN:189,(anonymous_41)
FN:190,(anonymous_42)
FNF:35
FNH:8
FNDA:1,(anonymous_8)
FNDA:1,(anonymous_9)
FNDA:1,(anonymous_10)
FNDA:1,(anonymous_11)
FNDA:5,(anonymous_12)
FNDA:0,(anonymous_13)
FNDA:0,(anonymous_14)
FNDA:0,(anonymous_15)
FNDA:1,formatTime
FNDA:0,(anonymous_17)
FNDA:0,(anonymous_18)
FNDA:0,(anonymous_19)
FNDA:0,(anonymous_20)
FNDA:0,(anonymous_21)
FNDA:0,(anonymous_22)
FNDA:0,(anonymous_23)
FNDA:0,(anonymous_24)
FNDA:0,(anonymous_25)
FNDA:0,(anonymous_26)
FNDA:0,(anonymous_27)
FNDA:0,(anonymous_28)
FNDA:0,(anonymous_29)
FNDA:0,(anonymous_30)
FNDA:0,(anonymous_31)
FNDA:0,(anonymous_32)
FNDA:2,(anonymous_33)
FNDA:0,(anonymous_34)
FNDA:0,(anonymous_35)
FNDA:0,(anonymous_36)
FNDA:0,(anonymous_37)
FNDA:2,(anonymous_38)
FNDA:0,(anonymous_39)
FNDA:0,(anonymous_40)
FNDA:0,(anonymous_41)
FNDA:0,(anonymous_42)
DA:1,1
DA:2,1
DA:3,1
DA:4,1
DA:5,1
DA:19,1
DA:21,1
DA:22,1
DA:23,1
DA:24,1
DA:26,1
DA:29,1
DA:30,1
DA:33,1
DA:34,1
DA:35,1
DA:36,0
DA:37,0
DA:38,0
DA:40,0
DA:44,1
DA:45,5
DA:46,5
DA:48,0
DA:51,1
DA:53,0
DA:54,0
DA:55,0
DA:56,0
DA:57,0
DA:58,0
DA:59,0
DA:60,0
DA:61,0
DA:62,0
DA:64,0
DA:70,1
DA:71,0
DA:72,0
DA:74,0
DA:78,1
DA:80,1
DA:81,1
DA:82,1
DA:85,1
DA:86,0
DA:88,0
DA:89,0
DA:90,0
DA:91,0
DA:93,0
DA:94,0
DA:95,0
DA:96,0
DA:106,0
DA:107,0
DA:108,0
DA:109,0
DA:114,1
DA:115,0
DA:116,0
DA:117,0
DA:121,1
DA:122,0
DA:123,0
DA:126,1
DA:127,0
DA:128,0
DA:130,0
DA:134,1
DA:135,0
DA:136,0
DA:137,0
DA:138,0
DA:139,0
DA:140,0
DA:141,0
DA:145,1
DA:146,0
DA:149,1
DA:152,0
DA:155,0
DA:162,0
DA:165,0
DA:166,2
DA:169,0
DA:172,0
DA:178,0
DA:180,0
DA:181,2
DA:185,0
DA:188,0
DA:189,0
DA:190,0
DA:201,1
LF:95
LH:35
BRDA:34,0,0,1
BRDA:34,0,1,1
BRDA:35,1,0,1
BRDA:38,2,0,0
BRDA:38,2,1,0
BRDA:38,3,0,0
BRDA:38,3,1,0
BRDA:45,4,0,5
BRDA:45,4,1,0
BRDA:53,5,0,0
BRDA:53,5,1,0
BRDA:53,6,0,0
BRDA:53,6,1,0
BRDA:56,7,0,0
BRDA:56,7,1,0
BRDA:70,8,0,0
BRDA:78,9,0,0
BRDA:86,10,0,0
BRDA:86,10,1,0
BRDA:86,10,2,0
BRDA:88,11,0,0
BRDA:95,12,0,0
BRDA:116,13,0,0
BRDA:127,14,0,0
BRDA:127,14,1,0
BRDA:137,15,0,0
BRDA:138,16,0,0
BRDA:138,16,1,0
BRDA:138,17,0,0
BRDA:138,17,1,0
BRDA:138,18,0,0
BRDA:138,18,1,0
BRDA:138,19,0,0
BRDA:138,19,1,0
BRDA:152,20,0,1
BRDA:152,20,1,0
BRDA:155,21,0,1
BRDA:155,21,1,1
BRDA:155,21,2,0
BRDA:156,22,0,0
BRDA:156,22,1,0
BRDA:164,23,0,0
BRDA:164,23,1,1
BRDA:164,24,0,1
BRDA:164,24,1,1
BRDA:172,25,0,0
BRDA:172,25,1,1
BRDA:172,26,0,1
BRDA:172,26,1,1
BRDA:179,27,0,0
BRDA:179,27,1,1
BRDA:179,28,0,1
BRDA:179,28,1,1
BRF:53
BRH:16
end_of_record
TN:
SF:src\components\activity-service\UserActivityList.tsx
FN:25,(anonymous_1)
FN:33,(anonymous_2)
FNF:2
FNH:1
FNDA:1,(anonymous_1)
FNDA:0,(anonymous_2)
DA:4,1
DA:5,1
DA:25,1
DA:26,1
DA:29,1
DA:34,0
DA:44,1
LF:7
LH:6
BRDA:33,0,0,1
BRDA:33,0,1,0
BRDA:33,1,0,0
BRDA:33,1,1,0
BRDA:33,2,0,0
BRDA:33,2,1,0
BRDA:36,3,0,1
BRDA:36,3,1,1
BRF:8
BRH:3
end_of_record
TN:
SF:src\components\activity-service\activity-types.ts
FNF:0
FNH:0
DA:1,1
LF:1
LH:1
BRF:0
BRH:0
end_of_record
TN:
SF:src\components\ai-service\UserRecommandations.tsx
FN:19,(anonymous_7)
FN:22,(anonymous_8)
FN:22,(anonymous_9)
FN:32,(anonymous_10)
FN:54,(anonymous_11)
FN:62,(anonymous_12)
FN:70,(anonymous_13)
FN:78,(anonymous_14)
FNF:8
FNH:8
FNDA:4,(anonymous_7)
FNDA:4,(anonymous_8)
FNDA:4,(anonymous_9)
FNDA:3,(anonymous_10)
FNDA:2,(anonymous_11)
FNDA:2,(anonymous_12)
FNDA:2,(anonymous_13)
FNDA:1,(anonymous_14)
DA:1,1
DA:2,1
DA:3,1
DA:4,1
DA:5,1
DA:19,1
DA:20,4
DA:21,4
DA:22,4
DA:23,4
DA:24,4
DA:25,4
DA:26,4
DA:27,2
DA:32,4
DA:33,3
DA:36,4
DA:55,2
DA:63,2
DA:71,2
DA:78,1
DA:85,1
LF:22
LH:22
BRDA:23,0,0,4
BRDA:23,0,1,0
BRDA:23,0,2,0
BRDA:24,1,0,4
BRDA:26,2,0,2
BRDA:38,3,0,4
BRDA:38,3,1,1
BRDA:38,4,0,3
BRDA:38,4,1,1
BRDA:38,5,0,4
BRDA:38,5,1,4
BRDA:42,6,0,0
BRDA:42,6,1,1
BRDA:42,7,0,1
BRDA:42,7,1,1
BRDA:48,8,0,0
BRDA:48,8,1,1
BRDA:48,9,0,1
BRDA:48,9,1,1
BRDA:54,10,0,0
BRDA:54,10,1,1
BRDA:54,11,0,1
BRDA:54,11,1,1
BRDA:62,12,0,0
BRDA:62,12,1,1
BRDA:62,13,0,1
BRDA:62,13,1,1
BRDA:70,14,0,0
BRDA:70,14,1,1
BRDA:70,15,0,1
BRDA:70,15,1,1
BRDA:77,16,0,4
BRDA:77,16,1,3
BRDA:77,17,0,3
BRDA:77,17,1,1
BRDA:77,18,0,4
BRDA:77,18,1,4
BRF:37
BRH:30
end_of_record
TN:
SF:src\components\appbar\NavBar.tsx
FN:27,DrawerAppBar
FN:32,(anonymous_11)
FN:47,(anonymous_12)
FN:48,(anonymous_13)
FN:58,(anonymous_14)
FN:73,(anonymous_15)
FN:97,(anonymous_16)
FNF:7
FNH:4
FNDA:7,DrawerAppBar
FNDA:5,(anonymous_11)
FNDA:0,(anonymous_12)
FNDA:0,(anonymous_13)
FNDA:28,(anonymous_14)
FNDA:0,(anonymous_15)
FNDA:28,(anonymous_16)
DA:1,1
DA:2,1
DA:3,1
DA:4,1
DA:5,1
DA:6,1
DA:7,1
DA:8,1
DA:9,1
DA:10,1
DA:11,1
DA:12,1
DA:13,1
DA:14,1
DA:15,1
DA:16,1
DA:25,1
DA:27,1
DA:28,7
DA:29,7
DA:30,7
DA:31,7
DA:32,7
DA:33,5
DA:34,5
DA:35,1
DA:36,4
DA:37,1
DA:38,3
DA:39,1
DA:40,2
DA:41,1
DA:42,1
DA:43,1
DA:47,7
DA:48,0
DA:52,7
DA:59,28
DA:73,7
DA:75,7
DA:98,28
LF:41
LH:40
BRDA:29,0,0,5
BRDA:29,0,1,2
BRDA:34,1,0,1
BRDA:34,1,1,4
BRDA:34,2,0,5
BRDA:34,2,1,1
BRDA:36,3,0,1
BRDA:36,3,1,3
BRDA:36,4,0,4
BRDA:36,4,1,1
BRDA:38,5,0,1
BRDA:38,5,1,2
BRDA:40,6,0,1
BRDA:40,6,1,1
BRDA:42,7,0,1
BRDA:73,8,0,0
BRDA:73,8,1,7
BRF:17
BRH:16
end_of_record
TN:
SF:src\interceptors\api.ts
FN:3,(anonymous_1)
FN:5,(anonymous_2)
FN:8,(anonymous_3)
FN:12,(anonymous_4)
FN:13,(anonymous_5)
FNF:5
FNH:5
FNDA:2,(anonymous_1)
FNDA:1,(anonymous_2)
FNDA:1,(anonymous_3)
FNDA:1,(anonymous_4)
FNDA:1,(anonymous_5)
DA:1,3
DA:3,3
DA:4,2
DA:5,3
DA:6,1
DA:8,3
DA:12,3
DA:13,3
LF:8
LH:8
BRF:0
BRH:0
end_of_record
TN:
SF:src\interceptors\verifyAuth.ts
FN:9,(anonymous_1)
FN:20,(anonymous_2)
FN:30,(anonymous_3)
FN:33,(anonymous_4)
FNF:4
FNH:3
FNDA:9,(anonymous_1)
FNDA:0,(anonymous_2)
FNDA:8,(anonymous_3)
FNDA:1,(anonymous_4)
DA:1,4
DA:4,4
DA:8,4
DA:10,9
DA:11,9
DA:22,0
DA:25,0
DA:29,4
DA:31,8
DA:34,1
DA:37,1
DA:41,4
LF:12
LH:10
BRDA:14,0,0,9
BRDA:14,0,1,1
BRDA:22,1,0,0
BRDA:22,2,0,0
BRDA:22,2,1,0
BRDA:34,3,0,1
BRDA:34,4,0,1
BRDA:34,4,1,1
BRF:8
BRH:5
end_of_record
TN:
SF:src\store\authSlice.ts
FN:12,(anonymous_0)
FN:20,(anonymous_1)
FNF:2
FNH:2
FNDA:2,(anonymous_0)
FNDA:5,(anonymous_1)
DA:1,2
DA:3,2
DA:4,2
DA:13,2
DA:14,2
DA:15,2
DA:16,2
DA:17,2
DA:18,2
DA:21,5
DA:22,5
DA:23,5
DA:24,5
DA:25,5
DA:26,5
DA:31,2
DA:33,2
LF:17
LH:17
BRDA:7,0,0,0
BRDA:7,0,1,2
BRDA:8,1,0,2
BRDA:8,1,1,2
BRDA:9,2,0,2
BRDA:9,2,1,2
BRF:6
BRH:5
end_of_record
TN:
SF:src\store\recommandationSlice.ts
FN:15,(anonymous_0)
FN:18,(anonymous_1)
FN:26,(anonymous_2)
FNF:3
FNH:3
FNDA:5,(anonymous_0)
FNDA:2,(anonymous_1)
FNDA:1,(anonymous_2)
DA:1,4
DA:7,4
DA:11,4
DA:16,5
DA:19,2
DA:24,4
DA:25,4
DA:26,4
LF:8
LH:8
BRF:0
BRH:0
end_of_record
TN:
SF:src\store\store.ts
FNF:0
FNH:0
DA:1,1
DA:2,1
DA:3,1
DA:5,1
LF:4
LH:4
BRF:0
BRH:0
end_of_record
